Using pre-set license
Built from '2020.3/release' branch; Version is '2020.3.2f1 (8fd9074bf66c) revision 9427207'; Using compiler version '192528614'; Build Type 'Release'
OS: 'Windows 10 Home; OS build 19042.1237; Version 2009; 64bit' Language: 'ko' Physical Memory: 16322 MB
BatchMode: 1, IsHumanControllingUs: 0, StartBugReporterOnCrash: 0, Is64bit: 1, IsPro: 0

 COMMAND LINE ARGUMENTS:
C:\Program Files\Unity\Hub\Editor\2020.3.2f1\Editor\Unity.exe
-adb2
-batchMode
-noUpm
-name
AssetImportWorker0
-projectPath
C:/Users/CHAN/Desktop/SeokjangniAR
-logFile
Logs/AssetImportWorker0.log
-srvPort
9466
Successfully changed project path to: C:/Users/CHAN/Desktop/SeokjangniAR
C:/Users/CHAN/Desktop/SeokjangniAR
Using Asset Import Pipeline V2.
Refreshing native plugins compatible for Editor in 66.51 ms, found 0 plugins.
Preloading 0 native plugins for Editor in 0.00 ms.
Initialize engine version: 2020.3.2f1 (8fd9074bf66c)
[Subsystems] Discovering subsystems at path C:/Program Files/Unity/Hub/Editor/2020.3.2f1/Editor/Data/Resources/UnitySubsystems
[Subsystems] Discovering subsystems at path C:/Users/CHAN/Desktop/SeokjangniAR/Assets
GfxDevice: creating device client; threaded=0
Direct3D:
    Version:  Direct3D 11.0 [level 11.1]
    Renderer: NVIDIA GeForce GTX 1660 Ti (ID=0x2182)
    Vendor:   
    VRAM:     5991 MB
    Driver:   30.0.14.7212
Initialize mono
Mono path[0] = 'C:/Program Files/Unity/Hub/Editor/2020.3.2f1/Editor/Data/Managed'
Mono path[1] = 'C:/Program Files/Unity/Hub/Editor/2020.3.2f1/Editor/Data/MonoBleedingEdge/lib/mono/unityjit'
Mono config path = 'C:/Program Files/Unity/Hub/Editor/2020.3.2f1/Editor/Data/MonoBleedingEdge/etc'
Using monoOptions --debugger-agent=transport=dt_socket,embedding=1,server=y,suspend=n,address=127.0.0.1:56604
Begin MonoManager ReloadAssembly
Registering precompiled unity dll's ...
Register platform support module: C:/Program Files/Unity/Hub/Editor/2020.3.2f1/Editor/Data/PlaybackEngines/WindowsStandaloneSupport/UnityEditor.WindowsStandalone.Extensions.dll
Registered in 0.006259 seconds.
Native extension for WindowsStandalone target not found
Refreshing native plugins compatible for Editor in 61.22 ms, found 0 plugins.
Preloading 0 native plugins for Editor in 0.00 ms.
Invoked RoslynAnalysisRunner static constructor.
RoslynAnalysisRunner will not be running.
RoslynAnalysisRunner has terminated.
Mono: successfully reloaded assembly
- Completed reload, in  4.041 seconds
Platform modules already initialized, skipping
Registering precompiled user dll's ...
Registered in 0.001889 seconds.
Begin MonoManager ReloadAssembly
Native extension for WindowsStandalone target not found
Refreshing native plugins compatible for Editor in 58.43 ms, found 0 plugins.
Preloading 0 native plugins for Editor in 0.00 ms.
Invoked RoslynAnalysisRunner static constructor.
RoslynAnalysisRunner will not be running.
RoslynAnalysisRunner has terminated.
Mono: successfully reloaded assembly
- Completed reload, in  1.247 seconds
Platform modules already initialized, skipping
========================================================================
Worker process is ready to serve import requests
Launched and connected shader compiler UnityShaderCompiler.exe after 0.08 seconds
Refreshing native plugins compatible for Editor in 0.68 ms, found 0 plugins.
Preloading 0 native plugins for Editor in 0.00 ms.
Unloading 1528 Unused Serialized files (Serialized files now loaded: 0)
System memory in use before: 76.0 MB.
System memory in use after: 76.0 MB.

Unloading 12 unused Assets to reduce memory usage. Loaded Objects now: 1970.
Total: 2.391700 ms (FindLiveObjects: 0.276300 ms CreateObjectMapping: 0.148400 ms MarkObjects: 1.837500 ms  DeleteObjects: 0.128400 ms)

========================================================================
Received Import Request.
  path: Assets/Scenes/Intro.unity
  artifactKey: Guid(607d5ba58d35ea340850d73039ac5363) Importer(815301076,1909f56bfc062723c751e8b465ee728b)
Start importing Assets/Scenes/Intro.unity using Guid(607d5ba58d35ea340850d73039ac5363) Importer(815301076,1909f56bfc062723c751e8b465ee728b)  -> (artifact id: 'c8756f0d6e9fbcef1ee0a14a2854d692') in 0.022810 seconds
  Import took 0.028826 seconds .

========================================================================
Received Import Request.
  Time since last request: 134.472331 seconds.
  path: Assets/AR Default Point Cloud.prefab
  artifactKey: Guid(2ee4440bf116e7a42ae48fe083033899) Importer(815301076,1909f56bfc062723c751e8b465ee728b)
Start importing Assets/AR Default Point Cloud.prefab using Guid(2ee4440bf116e7a42ae48fe083033899) Importer(815301076,1909f56bfc062723c751e8b465ee728b)  -> (artifact id: '6eba4988de35406dd7d27a51ec3406b3') in 0.075513 seconds
  Import took 0.099856 seconds .

========================================================================
Received Import Request.
  Time since last request: 83.000594 seconds.
  path: Assets/Prefab/AR Default Plane.prefab
  artifactKey: Guid(c5bffc13208c9c247b98cb3e56a4a732) Importer(815301076,1909f56bfc062723c751e8b465ee728b)
Start importing Assets/Prefab/AR Default Plane.prefab using Guid(c5bffc13208c9c247b98cb3e56a4a732) Importer(815301076,1909f56bfc062723c751e8b465ee728b)  -> (artifact id: '63a13163a9adb479e159d79c6e2c5d57') in 0.010612 seconds
  Import took 0.014926 seconds .

========================================================================
Received Import Request.
  Time since last request: 0.001994 seconds.
  path: Assets/Prefab/AR Default Plane.prefab
  artifactKey: Guid(c5bffc13208c9c247b98cb3e56a4a732) Importer(815301076,1909f56bfc062723c751e8b465ee728b)
Start importing Assets/Prefab/AR Default Plane.prefab using Guid(c5bffc13208c9c247b98cb3e56a4a732) Importer(815301076,1909f56bfc062723c751e8b465ee728b)  -> (artifact id: '63a13163a9adb479e159d79c6e2c5d57') in 0.008515 seconds
  Import took 0.012149 seconds .

========================================================================
Received Prepare
Refreshing native plugins compatible for Editor in 2.62 ms, found 0 plugins.
Preloading 0 native plugins for Editor in 0.00 ms.
Unloading 4 Unused Serialized files (Serialized files now loaded: 0)
System memory in use before: 44.2 MB.
System memory in use after: 44.3 MB.

Unloading 4 unused Assets to reduce memory usage. Loaded Objects now: 1970.
Total: 2.456100 ms (FindLiveObjects: 0.167000 ms CreateObjectMapping: 0.053500 ms MarkObjects: 2.150500 ms  DeleteObjects: 0.083500 ms)

========================================================================
Received Import Request.
  Time since last request: 329.028774 seconds.
  path: Assets/Material
  artifactKey: Guid(3103cfbcc43776e40a57080bb8aabdb7) Importer(815301076,1909f56bfc062723c751e8b465ee728b)
Start importing Assets/Material using Guid(3103cfbcc43776e40a57080bb8aabdb7) Importer(815301076,1909f56bfc062723c751e8b465ee728b)  -> (artifact id: 'f92e0f5681fc5e749cfcfc1c3ca32f26') in 0.008642 seconds
  Import took 0.013117 seconds .

========================================================================
Received Import Request.
  Time since last request: 30.833641 seconds.
  path: Assets/Script/PlacedObject.cs
  artifactKey: Guid(07203045707545a4aa531fc120849196) Importer(815301076,1909f56bfc062723c751e8b465ee728b)
Start importing Assets/Script/PlacedObject.cs using Guid(07203045707545a4aa531fc120849196) Importer(815301076,1909f56bfc062723c751e8b465ee728b)  -> (artifact id: '39cf0539d9936d03ab04603fb835ad48') in 0.028270 seconds
  Import took 0.033014 seconds .

========================================================================
Received Prepare
Registering precompiled user dll's ...
Registered in 0.011117 seconds.
Begin MonoManager ReloadAssembly
Native extension for WindowsStandalone target not found
Refreshing native plugins compatible for Editor in 1.10 ms, found 0 plugins.
Preloading 0 native plugins for Editor in 0.00 ms.
Invoked RoslynAnalysisRunner static constructor.
RoslynAnalysisRunner will not be running.
RoslynAnalysisRunner has terminated.
Mono: successfully reloaded assembly
- Completed reload, in  2.455 seconds
Platform modules already initialized, skipping
Switching build target platform(5) subTarget(0) extendedPlatform(0) -> platform(13) subTarget(589824) extendedPlatform(0)
Refreshing native plugins compatible for Editor in 0.62 ms, found 0 plugins.
Preloading 0 native plugins for Editor in 0.00 ms.
Unloading 1504 Unused Serialized files (Serialized files now loaded: 0)
System memory in use before: 73.7 MB.
System memory in use after: 73.7 MB.

Unloading 7 unused Assets to reduce memory usage. Loaded Objects now: 1975.
Total: 2.301200 ms (FindLiveObjects: 0.156900 ms CreateObjectMapping: 0.050800 ms MarkObjects: 2.030500 ms  DeleteObjects: 0.061800 ms)

AssetImportParameters requested are different than current active one (requested -> active):
  custom:graphics/normal-map-encoding: 01000000000000000000000000000000 -> 02000000000000000000000000000000
========================================================================
Received Prepare
Registering precompiled user dll's ...
Registered in 0.001905 seconds.
Begin MonoManager ReloadAssembly
Native extension for WindowsStandalone target not found
Refreshing native plugins compatible for Editor in 0.65 ms, found 0 plugins.
Preloading 0 native plugins for Editor in 0.00 ms.
Invoked RoslynAnalysisRunner static constructor.
RoslynAnalysisRunner will not be running.
RoslynAnalysisRunner has terminated.
Mono: successfully reloaded assembly
- Completed reload, in  1.311 seconds
Platform modules already initialized, skipping
Switching build target platform(5) subTarget(0) extendedPlatform(0) -> platform(13) subTarget(589824) extendedPlatform(0)
Refreshing native plugins compatible for Editor in 0.60 ms, found 0 plugins.
Preloading 0 native plugins for Editor in 0.00 ms.
Unloading 1504 Unused Serialized files (Serialized files now loaded: 0)
System memory in use before: 73.7 MB.
System memory in use after: 73.8 MB.

Unloading 7 unused Assets to reduce memory usage. Loaded Objects now: 1979.
Total: 3.147200 ms (FindLiveObjects: 0.253600 ms CreateObjectMapping: 0.078100 ms MarkObjects: 2.753900 ms  DeleteObjects: 0.060300 ms)

AssetImportParameters requested are different than current active one (requested -> active):
  custom:graphics/normal-map-encoding: 01000000000000000000000000000000 -> 02000000000000000000000000000000
========================================================================
Received Import Request.
  Time since last request: 176.563573 seconds.
  path: Assets/Script/PlacedObject.cs
  artifactKey: Guid(07203045707545a4aa531fc120849196) Importer(815301076,1909f56bfc062723c751e8b465ee728b)
Start importing Assets/Script/PlacedObject.cs using Guid(07203045707545a4aa531fc120849196) Importer(815301076,1909f56bfc062723c751e8b465ee728b)  -> (artifact id: '213dfd66632d36b58d1708854ff740d7') in 0.015273 seconds
  Import took 0.020123 seconds .

========================================================================
Received Prepare
Registering precompiled user dll's ...
Registered in 0.006658 seconds.
Begin MonoManager ReloadAssembly
Native extension for WindowsStandalone target not found
Refreshing native plugins compatible for Editor in 0.64 ms, found 0 plugins.
Preloading 0 native plugins for Editor in 0.00 ms.
Invoked RoslynAnalysisRunner static constructor.
RoslynAnalysisRunner will not be running.
RoslynAnalysisRunner has terminated.
Mono: successfully reloaded assembly
- Completed reload, in  1.506 seconds
Platform modules already initialized, skipping
Switching build target platform(5) subTarget(0) extendedPlatform(0) -> platform(13) subTarget(589824) extendedPlatform(0)
Refreshing native plugins compatible for Editor in 0.86 ms, found 0 plugins.
Preloading 0 native plugins for Editor in 0.00 ms.
Unloading 1504 Unused Serialized files (Serialized files now loaded: 0)
System memory in use before: 73.7 MB.
System memory in use after: 73.8 MB.

Unloading 7 unused Assets to reduce memory usage. Loaded Objects now: 1983.
Total: 2.192900 ms (FindLiveObjects: 0.283600 ms CreateObjectMapping: 0.062800 ms MarkObjects: 1.783300 ms  DeleteObjects: 0.062000 ms)

AssetImportParameters requested are different than current active one (requested -> active):
  custom:graphics/normal-map-encoding: 01000000000000000000000000000000 -> 02000000000000000000000000000000
========================================================================
Received Import Request.
  Time since last request: 234.047867 seconds.
  path: Assets/Script/PlaceOnPlane.cs
  artifactKey: Guid(5f911cbee4711fb4ab905b8f1f4f50f7) Importer(815301076,1909f56bfc062723c751e8b465ee728b)
Start importing Assets/Script/PlaceOnPlane.cs using Guid(5f911cbee4711fb4ab905b8f1f4f50f7) Importer(815301076,1909f56bfc062723c751e8b465ee728b)  -> (artifact id: '523d0be4575e07253fcbe4308c70652e') in 0.013402 seconds
  Import took 0.017554 seconds .

========================================================================
Received Import Request.
  Time since last request: 5.469757 seconds.
  path: Assets/Prefab/PlaceObejct.prefab
  artifactKey: Guid(fb54a497036e8ec4199482993c1c1c04) Importer(815301076,1909f56bfc062723c751e8b465ee728b)
Start importing Assets/Prefab/PlaceObejct.prefab using Guid(fb54a497036e8ec4199482993c1c1c04) Importer(815301076,1909f56bfc062723c751e8b465ee728b)  -> (artifact id: '00177c7376379c3786d1678f5304175e') in 0.126262 seconds
  Import took 0.130121 seconds .

========================================================================
Received Import Request.
  Time since last request: 16.211444 seconds.
  path: ProjectSettings/TagManager.asset
  artifactKey: Guid(00000000000000003000000000000000) Importer(815301076,1909f56bfc062723c751e8b465ee728b)
Start importing ProjectSettings/TagManager.asset using Guid(00000000000000003000000000000000) Importer(815301076,1909f56bfc062723c751e8b465ee728b)  -> (artifact id: '43471f4d95a565fc8dc304f45173d91d') in 0.017203 seconds
  Import took 0.021754 seconds .

========================================================================
Received Prepare
Refreshing native plugins compatible for Editor in 6.13 ms, found 0 plugins.
Preloading 0 native plugins for Editor in 0.00 ms.
Unloading 4 Unused Serialized files (Serialized files now loaded: 0)
System memory in use before: 47.4 MB.
System memory in use after: 47.5 MB.

Unloading 6 unused Assets to reduce memory usage. Loaded Objects now: 1991.
Total: 11.700500 ms (FindLiveObjects: 0.235500 ms CreateObjectMapping: 0.244100 ms MarkObjects: 11.143500 ms  DeleteObjects: 0.076000 ms)

========================================================================
Received Import Request.
  Time since last request: 197.423494 seconds.
  path: Assets/Prefab/PlaceObejct.prefab
  artifactKey: Guid(fb54a497036e8ec4199482993c1c1c04) Importer(815301076,1909f56bfc062723c751e8b465ee728b)
Start importing Assets/Prefab/PlaceObejct.prefab using Guid(fb54a497036e8ec4199482993c1c1c04) Importer(815301076,1909f56bfc062723c751e8b465ee728b)  -> (artifact id: 'dcdaf782b246d148c759211436de80da') in 0.035441 seconds
  Import took 0.040303 seconds .

========================================================================
Received Prepare
Registering precompiled user dll's ...
Registered in 0.001829 seconds.
Begin MonoManager ReloadAssembly
Native extension for WindowsStandalone target not found
Refreshing native plugins compatible for Editor in 0.69 ms, found 0 plugins.
Preloading 0 native plugins for Editor in 0.00 ms.
Invoked RoslynAnalysisRunner static constructor.
RoslynAnalysisRunner will not be running.
RoslynAnalysisRunner has terminated.
Mono: successfully reloaded assembly
- Completed reload, in  1.376 seconds
Platform modules already initialized, skipping
Switching build target platform(5) subTarget(0) extendedPlatform(0) -> platform(13) subTarget(589824) extendedPlatform(0)
Refreshing native plugins compatible for Editor in 0.64 ms, found 0 plugins.
Preloading 0 native plugins for Editor in 0.00 ms.
Unloading 1504 Unused Serialized files (Serialized files now loaded: 0)
System memory in use before: 76.8 MB.
System memory in use after: 76.9 MB.

Unloading 8 unused Assets to reduce memory usage. Loaded Objects now: 1995.
Total: 2.655600 ms (FindLiveObjects: 0.189400 ms CreateObjectMapping: 0.072700 ms MarkObjects: 2.312200 ms  DeleteObjects: 0.079100 ms)

AssetImportParameters requested are different than current active one (requested -> active):
  custom:graphics/normal-map-encoding: 01000000000000000000000000000000 -> 02000000000000000000000000000000
========================================================================
Received Prepare
Refreshing native plugins compatible for Editor in 3.14 ms, found 0 plugins.
Preloading 0 native plugins for Editor in 0.00 ms.
Unloading 4 Unused Serialized files (Serialized files now loaded: 0)
System memory in use before: 47.2 MB.
System memory in use after: 47.3 MB.

Unloading 4 unused Assets to reduce memory usage. Loaded Objects now: 1995.
Total: 3.837200 ms (FindLiveObjects: 0.191400 ms CreateObjectMapping: 0.062300 ms MarkObjects: 3.519000 ms  DeleteObjects: 0.063200 ms)

========================================================================
Received Import Request.
  Time since last request: 341.986647 seconds.
  path: Assets/Prefab/PlaceObejct.prefab
  artifactKey: Guid(fb54a497036e8ec4199482993c1c1c04) Importer(815301076,1909f56bfc062723c751e8b465ee728b)
Start importing Assets/Prefab/PlaceObejct.prefab using Guid(fb54a497036e8ec4199482993c1c1c04) Importer(815301076,1909f56bfc062723c751e8b465ee728b)  -> (artifact id: '17e93215a7d70c335c128130bafe7156') in 0.086367 seconds
  Import took 0.090667 seconds .

========================================================================
Received Import Request.
  Time since last request: 306.789668 seconds.
  path: Assets/Script/ButtonTest.cs
  artifactKey: Guid(7e1569dc5df26344a8999894d3a88991) Importer(815301076,1909f56bfc062723c751e8b465ee728b)
Start importing Assets/Script/ButtonTest.cs using Guid(7e1569dc5df26344a8999894d3a88991) Importer(815301076,1909f56bfc062723c751e8b465ee728b)  -> (artifact id: 'd08a41942cbc73a39dd90d642573a070') in 1.103014 seconds
  Import took 1.295436 seconds .

========================================================================
Received Prepare
Registering precompiled user dll's ...
Registered in 0.014696 seconds.
Begin MonoManager ReloadAssembly
Native extension for WindowsStandalone target not found
Refreshing native plugins compatible for Editor in 0.65 ms, found 0 plugins.
Preloading 0 native plugins for Editor in 0.00 ms.
Invoked RoslynAnalysisRunner static constructor.
RoslynAnalysisRunner will not be running.
RoslynAnalysisRunner has terminated.
Mono: successfully reloaded assembly
- Completed reload, in  1.210 seconds
Platform modules already initialized, skipping
Switching build target platform(5) subTarget(0) extendedPlatform(0) -> platform(13) subTarget(589824) extendedPlatform(0)
Refreshing native plugins compatible for Editor in 0.99 ms, found 0 plugins.
Preloading 0 native plugins for Editor in 0.00 ms.
Unloading 1505 Unused Serialized files (Serialized files now loaded: 0)
System memory in use before: 76.9 MB.
System memory in use after: 77.0 MB.

Unloading 8 unused Assets to reduce memory usage. Loaded Objects now: 2001.
Total: 2.053300 ms (FindLiveObjects: 0.179000 ms CreateObjectMapping: 0.050400 ms MarkObjects: 1.740400 ms  DeleteObjects: 0.082500 ms)

AssetImportParameters requested are different than current active one (requested -> active):
  custom:graphics/normal-map-encoding: 01000000000000000000000000000000 -> 02000000000000000000000000000000
========================================================================
Received Prepare
Registering precompiled user dll's ...
Registered in 0.001784 seconds.
Begin MonoManager ReloadAssembly
Native extension for WindowsStandalone target not found
Refreshing native plugins compatible for Editor in 0.66 ms, found 0 plugins.
Preloading 0 native plugins for Editor in 0.00 ms.
Invoked RoslynAnalysisRunner static constructor.
RoslynAnalysisRunner will not be running.
RoslynAnalysisRunner has terminated.
Mono: successfully reloaded assembly
- Completed reload, in  1.684 seconds
Platform modules already initialized, skipping
Switching build target platform(5) subTarget(0) extendedPlatform(0) -> platform(13) subTarget(589824) extendedPlatform(0)
Refreshing native plugins compatible for Editor in 0.66 ms, found 0 plugins.
Preloading 0 native plugins for Editor in 0.00 ms.
Unloading 1505 Unused Serialized files (Serialized files now loaded: 0)
System memory in use before: 76.9 MB.
System memory in use after: 77.0 MB.

Unloading 7 unused Assets to reduce memory usage. Loaded Objects now: 2005.
Total: 2.673200 ms (FindLiveObjects: 0.192800 ms CreateObjectMapping: 0.054400 ms MarkObjects: 2.348000 ms  DeleteObjects: 0.076200 ms)

AssetImportParameters requested are different than current active one (requested -> active):
  custom:graphics/normal-map-encoding: 01000000000000000000000000000000 -> 02000000000000000000000000000000
========================================================================
Received Import Request.
  Time since last request: 78.328678 seconds.
  path: Assets/Script/ButtonTest.cs
  artifactKey: Guid(7e1569dc5df26344a8999894d3a88991) Importer(815301076,1909f56bfc062723c751e8b465ee728b)
Start importing Assets/Script/ButtonTest.cs using Guid(7e1569dc5df26344a8999894d3a88991) Importer(815301076,1909f56bfc062723c751e8b465ee728b)  -> (artifact id: 'fa0b940cd0dcfe3ccbc0fd0f7ccecbd0') in 0.014880 seconds
  Import took 0.018868 seconds .

========================================================================
Received Prepare
Registering precompiled user dll's ...
Registered in 0.001933 seconds.
Begin MonoManager ReloadAssembly
Native extension for WindowsStandalone target not found
Refreshing native plugins compatible for Editor in 0.62 ms, found 0 plugins.
Preloading 0 native plugins for Editor in 0.00 ms.
Invoked RoslynAnalysisRunner static constructor.
RoslynAnalysisRunner will not be running.
RoslynAnalysisRunner has terminated.
Mono: successfully reloaded assembly
- Completed reload, in  1.474 seconds
Platform modules already initialized, skipping
Switching build target platform(5) subTarget(0) extendedPlatform(0) -> platform(13) subTarget(589824) extendedPlatform(0)
Refreshing native plugins compatible for Editor in 0.68 ms, found 0 plugins.
Preloading 0 native plugins for Editor in 0.00 ms.
Unloading 1505 Unused Serialized files (Serialized files now loaded: 0)
System memory in use before: 76.9 MB.
System memory in use after: 77.0 MB.

Unloading 7 unused Assets to reduce memory usage. Loaded Objects now: 2009.
Total: 2.369500 ms (FindLiveObjects: 0.241400 ms CreateObjectMapping: 0.125500 ms MarkObjects: 1.934000 ms  DeleteObjects: 0.067200 ms)

AssetImportParameters requested are different than current active one (requested -> active):
  custom:graphics/normal-map-encoding: 01000000000000000000000000000000 -> 02000000000000000000000000000000
========================================================================
Received Import Request.
  Time since last request: 92.224414 seconds.
  path: Assets/Script/ButtonTest.cs
  artifactKey: Guid(7e1569dc5df26344a8999894d3a88991) Importer(815301076,1909f56bfc062723c751e8b465ee728b)
Start importing Assets/Script/ButtonTest.cs using Guid(7e1569dc5df26344a8999894d3a88991) Importer(815301076,1909f56bfc062723c751e8b465ee728b)  -> (artifact id: 'c5d1af7dae68048fb56fdcb1f3a68c30') in 0.010345 seconds
  Import took 0.014189 seconds .

========================================================================
Received Prepare
Registering precompiled user dll's ...
Registered in 0.002411 seconds.
Begin MonoManager ReloadAssembly
Native extension for WindowsStandalone target not found
Refreshing native plugins compatible for Editor in 0.72 ms, found 0 plugins.
Preloading 0 native plugins for Editor in 0.00 ms.
Invoked RoslynAnalysisRunner static constructor.
RoslynAnalysisRunner will not be running.
RoslynAnalysisRunner has terminated.
Mono: successfully reloaded assembly
- Completed reload, in  1.557 seconds
Platform modules already initialized, skipping
Switching build target platform(5) subTarget(0) extendedPlatform(0) -> platform(13) subTarget(589824) extendedPlatform(0)
Refreshing native plugins compatible for Editor in 0.62 ms, found 0 plugins.
Preloading 0 native plugins for Editor in 0.00 ms.
Unloading 1505 Unused Serialized files (Serialized files now loaded: 0)
System memory in use before: 76.9 MB.
System memory in use after: 77.0 MB.

Unloading 7 unused Assets to reduce memory usage. Loaded Objects now: 2013.
Total: 1.976300 ms (FindLiveObjects: 0.164200 ms CreateObjectMapping: 0.054500 ms MarkObjects: 1.692400 ms  DeleteObjects: 0.064000 ms)

AssetImportParameters requested are different than current active one (requested -> active):
  custom:graphics/normal-map-encoding: 01000000000000000000000000000000 -> 02000000000000000000000000000000
========================================================================
Received Prepare
Registering precompiled user dll's ...
Registered in 0.002451 seconds.
Begin MonoManager ReloadAssembly
Native extension for WindowsStandalone target not found
Refreshing native plugins compatible for Editor in 0.63 ms, found 0 plugins.
Preloading 0 native plugins for Editor in 0.00 ms.
Invoked RoslynAnalysisRunner static constructor.
RoslynAnalysisRunner will not be running.
RoslynAnalysisRunner has terminated.
Mono: successfully reloaded assembly
- Completed reload, in  1.587 seconds
Platform modules already initialized, skipping
Switching build target platform(5) subTarget(0) extendedPlatform(0) -> platform(13) subTarget(589824) extendedPlatform(0)
Refreshing native plugins compatible for Editor in 0.83 ms, found 0 plugins.
Preloading 0 native plugins for Editor in 0.00 ms.
Unloading 1505 Unused Serialized files (Serialized files now loaded: 0)
System memory in use before: 76.9 MB.
System memory in use after: 77.0 MB.

Unloading 7 unused Assets to reduce memory usage. Loaded Objects now: 2017.
Total: 5.595400 ms (FindLiveObjects: 1.261900 ms CreateObjectMapping: 0.134000 ms MarkObjects: 4.103300 ms  DeleteObjects: 0.087600 ms)

AssetImportParameters requested are different than current active one (requested -> active):
  custom:graphics/normal-map-encoding: 01000000000000000000000000000000 -> 02000000000000000000000000000000
========================================================================
Received Prepare
Registering precompiled user dll's ...
Registered in 0.004497 seconds.
Begin MonoManager ReloadAssembly
Native extension for WindowsStandalone target not found
Refreshing native plugins compatible for Editor in 0.70 ms, found 0 plugins.
Preloading 0 native plugins for Editor in 0.00 ms.
Invoked RoslynAnalysisRunner static constructor.
RoslynAnalysisRunner will not be running.
RoslynAnalysisRunner has terminated.
Mono: successfully reloaded assembly
- Completed reload, in  1.577 seconds
Platform modules already initialized, skipping
Switching build target platform(5) subTarget(0) extendedPlatform(0) -> platform(13) subTarget(589824) extendedPlatform(0)
Refreshing native plugins compatible for Editor in 0.69 ms, found 0 plugins.
Preloading 0 native plugins for Editor in 0.00 ms.
Unloading 1505 Unused Serialized files (Serialized files now loaded: 0)
System memory in use before: 76.9 MB.
System memory in use after: 77.0 MB.

Unloading 7 unused Assets to reduce memory usage. Loaded Objects now: 2021.
Total: 1.979600 ms (FindLiveObjects: 0.168300 ms CreateObjectMapping: 0.051500 ms MarkObjects: 1.699400 ms  DeleteObjects: 0.059100 ms)

AssetImportParameters requested are different than current active one (requested -> active):
  custom:graphics/normal-map-encoding: 01000000000000000000000000000000 -> 02000000000000000000000000000000
========================================================================
Received Prepare
Registering precompiled user dll's ...
Registered in 0.013343 seconds.
Begin MonoManager ReloadAssembly
Native extension for WindowsStandalone target not found
Refreshing native plugins compatible for Editor in 0.61 ms, found 0 plugins.
Preloading 0 native plugins for Editor in 0.00 ms.
Invoked RoslynAnalysisRunner static constructor.
RoslynAnalysisRunner will not be running.
RoslynAnalysisRunner has terminated.
Mono: successfully reloaded assembly
- Completed reload, in  1.433 seconds
Platform modules already initialized, skipping
Switching build target platform(5) subTarget(0) extendedPlatform(0) -> platform(13) subTarget(589824) extendedPlatform(0)
Refreshing native plugins compatible for Editor in 0.62 ms, found 0 plugins.
Preloading 0 native plugins for Editor in 0.00 ms.
Unloading 1505 Unused Serialized files (Serialized files now loaded: 0)
System memory in use before: 76.9 MB.
System memory in use after: 77.0 MB.

Unloading 7 unused Assets to reduce memory usage. Loaded Objects now: 2025.
Total: 1.768300 ms (FindLiveObjects: 0.173800 ms CreateObjectMapping: 0.053200 ms MarkObjects: 1.483200 ms  DeleteObjects: 0.056800 ms)

AssetImportParameters requested are different than current active one (requested -> active):
  custom:graphics/normal-map-encoding: 01000000000000000000000000000000 -> 02000000000000000000000000000000
========================================================================
Received Prepare
Registering precompiled user dll's ...
Registered in 0.002215 seconds.
Begin MonoManager ReloadAssembly
Native extension for WindowsStandalone target not found
Refreshing native plugins compatible for Editor in 0.60 ms, found 0 plugins.
Preloading 0 native plugins for Editor in 0.00 ms.
Invoked RoslynAnalysisRunner static constructor.
RoslynAnalysisRunner will not be running.
RoslynAnalysisRunner has terminated.
Mono: successfully reloaded assembly
- Completed reload, in  1.717 seconds
Platform modules already initialized, skipping
Switching build target platform(5) subTarget(0) extendedPlatform(0) -> platform(13) subTarget(589824) extendedPlatform(0)
Refreshing native plugins compatible for Editor in 0.68 ms, found 0 plugins.
Preloading 0 native plugins for Editor in 0.00 ms.
Unloading 1505 Unused Serialized files (Serialized files now loaded: 0)
System memory in use before: 76.9 MB.
System memory in use after: 77.0 MB.

Unloading 7 unused Assets to reduce memory usage. Loaded Objects now: 2029.
Total: 2.555100 ms (FindLiveObjects: 0.231800 ms CreateObjectMapping: 0.316600 ms MarkObjects: 1.908900 ms  DeleteObjects: 0.095900 ms)

AssetImportParameters requested are different than current active one (requested -> active):
  custom:graphics/normal-map-encoding: 01000000000000000000000000000000 -> 02000000000000000000000000000000
========================================================================
Received Prepare
Refreshing native plugins compatible for Editor in 2.40 ms, found 0 plugins.
Preloading 0 native plugins for Editor in 0.00 ms.
Unloading 4 Unused Serialized files (Serialized files now loaded: 0)
System memory in use before: 47.3 MB.
System memory in use after: 47.4 MB.

Unloading 4 unused Assets to reduce memory usage. Loaded Objects now: 2029.
Total: 2.026300 ms (FindLiveObjects: 0.167000 ms CreateObjectMapping: 0.055900 ms MarkObjects: 1.742700 ms  DeleteObjects: 0.059800 ms)

AssetImportWorkerClient::OnTransportError - code=2 error=End of file
